<?xml version="1.0" encoding="UTF-8"?>
<!-- Generated by org.testng.reporters.JUnitReportReporter -->
<testsuite hostname="DESKTOP-ITN6E2L" failures="0" tests="1" name="GoogleTest" time="21.520" errors="0" timestamp="2023-05-05T16:24:13 IST" skipped="0">
  <testcase classname="GoogleTest" name="googleSearchTest" time="21.520"/>
  <system-out/>
</testsuite> <!-- GoogleTest -->
