<?xml version="1.0" encoding="UTF-8"?>
<!-- Generated by org.testng.reporters.JUnitReportReporter -->
<testsuite hostname="DESKTOP-ITN6E2L" failures="0" tests="3" name="crmtests.LoginPageTest" time="100.761" errors="0" timestamp="2023-05-15T17:01:41 IST" skipped="0">
  <testcase classname="crmtests.LoginPageTest" name="validateLinkTest" time="21.356"/>
  <system-out/>
  <testcase classname="crmtests.LoginPageTest" name="validateLogoTest" time="20.822"/>
  <system-out/>
  <testcase classname="crmtests.LoginPageTest" name="validateLoginTest" time="58.583"/>
  <system-out/>
</testsuite> <!-- crmtests.LoginPageTest -->
