<?xml version="1.0" encoding="UTF-8"?>
<!-- Generated by org.testng.reporters.JUnitReportReporter -->
<testsuite hostname="DESKTOP-ITN6E2L" failures="0" tests="3" name="tests.LoginPageTest" time="199.220" errors="0" timestamp="2023-05-06T09:01:29 IST" skipped="0">
  <testcase classname="tests.LoginPageTest" name="validateLogoTest" time="18.927"/>
  <system-out/>
  <testcase classname="tests.LoginPageTest" name="validateLinkTest" time="41.765"/>
  <system-out/>
  <testcase classname="tests.LoginPageTest" name="validateLoginTest" time="138.528"/>
  <system-out/>
</testsuite> <!-- tests.LoginPageTest -->
